<?xml version="1.0" encoding="UTF-8"?>
<!-- Generated by org.testng.reporters.JUnitReportReporter -->
<testsuite skipped="0" hostname="DESKTOP-4K5J24O" name="com.project.pom.test.Tools_QATest" tests="5" failures="0" timestamp="2021-10-05T14:26:32 CDT" time="32.718" errors="0">
  <testcase name="testElements" time="3.930" classname="com.project.pom.test.Tools_QATest"/>
  <system-out/>
  <testcase name="testForms" time="4.235" classname="com.project.pom.test.Tools_QATest"/>
  <system-out/>
  <testcase name="testAlertsFramesWindows" time="3.055" classname="com.project.pom.test.Tools_QATest"/>
  <system-out/>
  <testcase name="testWidgets" time="2.105" classname="com.project.pom.test.Tools_QATest"/>
  <system-out/>
  <testcase name="testBookStore" time="19.393" classname="com.project.pom.test.Tools_QATest"/>
  <system-out/>
</testsuite> <!-- com.project.pom.test.Tools_QATest -->
