<?xml version="1.0" encoding="UTF-8"?>
<!-- Generated by org.testng.reporters.JUnitReportReporter -->
<testsuite skipped="0" hostname="DESKTOP-4K5J24O" name="com.project.pom.Tools_QATest" tests="5" failures="0" timestamp="2021-10-05T12:23:21 CDT" time="23.255" errors="0">
  <testcase name="testElements" time="2.534" classname="com.project.pom.Tools_QATest"/>
  <system-out/>
  <testcase name="testForms" time="4.209" classname="com.project.pom.Tools_QATest"/>
  <system-out/>
  <testcase name="testAlertsFramesWindows" time="3.386" classname="com.project.pom.Tools_QATest"/>
  <system-out/>
  <testcase name="testWidgets" time="1.895" classname="com.project.pom.Tools_QATest"/>
  <system-out/>
  <testcase name="testBookStore" time="11.231" classname="com.project.pom.Tools_QATest"/>
  <system-out/>
</testsuite> <!-- com.project.pom.Tools_QATest -->
