<?xml version="1.0" encoding="UTF-8"?>
<!-- Generated by org.testng.reporters.JUnitReportReporter -->
<testsuite skipped="0" hostname="DESKTOP-4K5J24O" name="TestExcercise" tests="2" failures="0" timestamp="2021-09-28T16:28:08 CDT" time="50.840" errors="0">
  <testcase name="t1" time="10.978" classname="TestExcercise"/>
  <system-out/>
  <testcase name="t2" time="39.862" classname="TestExcercise"/>
  <system-out/>
</testsuite> <!-- TestExcercise -->
